Nvectensis.XP_001634797.2	100.000	623	0	0	0.0	1282	N/A
Dgigantea.XP_028391049.1	48.057	489	237	9	6.59e-156	465	N/A
Myessoensis.XP_021374340.1	51.977	354	165	3	5.52e-125	390	N/A
Bbelcheri.XP_019615461.1	47.425	369	177	6	1.86e-118	372	N/A
Aplanci.XP_022086689.1	42.217	469	232	10	5.43e-117	368	N/A
Hsapiens.NP_001341690.1	46.506	415	195	11	1.50e-115	365	alpha-adducin isoform g
Nvectensis.XP_032240110.1	42.457	464	234	12	4.26e-110	344	N/A
Hsapiens.NP_058432.1	40.342	409	223	8	3.92e-93	303	gamma-adducin isoform a
Bbelcheri.XP_019635717.1	49.640	278	136	3	2.32e-92	289	N/A
Hsapiens.NP_001608.1	38.443	411	232	9	9.25e-91	298	beta-adducin isoform a
Hvulgaris.XP_002166139.2	52.273	220	95	3	1.63e-72	234	N/A
Hvulgaris.XP_012566771.1	39.665	179	91	3	4.04e-32	129	N/A
Aplanci.XP_022096137.1	31.280	211	131	9	7.97e-16	80.5	N/A
Aplanci.XP_022082318.1	30.636	173	111	5	1.84e-15	79.0	N/A
Bbelcheri.XP_019629692.1	30.918	207	129	7	3.63e-15	79.0	N/A
Bbelcheri.XP_019629260.1	29.268	205	135	5	4.24e-15	78.6	N/A
Aplanci.XP_022096168.1	33.143	175	105	7	1.83e-13	73.6	N/A
Hvulgaris.XP_012556601.1	26.606	218	142	8	1.11e-12	71.2	N/A
Nvectensis.XP_032240997.1	26.016	246	150	9	4.10e-10	63.5	N/A
Dgigantea.XP_028411594.1	24.299	214	108	8	0.18	37.0	N/A
Nvectensis.XP_001619990.2	24.088	137	99	2	0.47	35.8	N/A
Bbelcheri.XP_019626345.1	42.553	47	27	0	0.82	35.0	N/A
Aplanci.XP_022102802.1	28.652	178	108	7	1.7	34.3	N/A
Nvectensis.XP_001638591.2	24.088	137	99	2	2.4	33.9	N/A
Myessoensis.XP_021373583.1	37.778	45	27	1	7.2	30.8	N/A
