IQ-TREE multicore version 2.1.1 COVID-edition for Linux 64-bit built Aug 22 2020
Developed by Bui Quang Minh, James Barbetti, Nguyen Lam Tung,
Olga Chernomor, Heiko Schmidt, Dominik Schrempf, Michael Woodhams.

Host:    ip-172-31-27-195.ec2.internal (AVX2, FMA3, 3 GB RAM)
Command: iqtree -s alpha_adducin.blastp.detail.filtered.aligned_.fas -bb 1000 -nt 2 -m VT+F+R4 -t alpha_adducin.blastp.detail.filtered.aligned_.fas.midpoint.treefile -pre alpha_adducin.genes.ufboot
Seed:    17280 (Using SPRNG - Scalable Parallel Random Number Generator)
Time:    Fri Oct 22 04:55:39 2021
Kernel:  AVX+FMA - 2 threads (2 CPU cores detected)

Reading alignment file alpha_adducin.blastp.detail.filtered.aligned_.fas ... Fasta format detected
Alignment most likely contains protein sequences
Alignment has 16 sequences with 926 columns, 898 distinct patterns
521 parsimony-informative, 299 singleton sites, 106 constant sites
                                                 Gap/Ambiguity  Composition  p-value
   1  Bbelcheri.XP_019629260.1                          69.11%    failed      1.19%
   2  Bbelcheri.XP_019629692.1                          68.36%    failed      2.06%
   3  Aplanci.XP_022082318.1                            72.89%    failed      0.70%
   4  Aplanci.XP_022096137.1                            69.33%    failed      0.03%
   5  Nvectensis.XP_032240110.1                         37.26%    passed     95.99%
   6  Bbelcheri.XP_019615461.1                          14.25%    passed     43.59%
   7  Aplanci.XP_022086689.1                            17.82%    passed     95.68%
   8  Hsapiens.NP_001341690.1_alpha-adducin_isoform_g   13.71%    passed     18.74%
   9  Hsapiens.NP_058432.1_gamma-adducin_isoform_a      23.76%    passed     69.92%
  10  Hsapiens.NP_001608.1_beta-adducin_isoform_a       21.60%    passed     36.75%
  11  Bbelcheri.XP_019635717.1                          66.09%    failed      0.28%
  12  Myessoensis.XP_021374340.1                        11.02%    passed     30.32%
  13  Hvulgaris.XP_012566771.1                          63.50%    passed     10.91%
  14  Nvectensis.XP_001634797.2                         32.72%    failed      3.15%
  15  Hvulgaris.XP_002166139.2                          74.73%    passed      7.15%
  16  Dgigantea.XP_028391049.1                          29.81%    passed     94.95%
WARNING: 7 sequences contain more than 50% gaps/ambiguity
****  TOTAL                                             42.87%  6 sequences failed composition chi2 test (p-value<5%; df=19)
Reading input tree file alpha_adducin.blastp.detail.filtered.aligned_.fas.midpoint.treefile ... rooted tree
Generating 1000 samples for ultrafast bootstrap (seed: 17280)...

NOTE: 12 MB RAM (0 GB) is required!
Estimate model parameters (epsilon = 0.100)
1. Initial log-likelihood: -17603.797
2. Current log-likelihood: -17567.507
3. Current log-likelihood: -17563.903
4. Current log-likelihood: -17563.735
Optimal log-likelihood: -17563.659
Site proportion and rates:  (0.145,0.168) (0.348,0.587) (0.305,0.989) (0.203,2.316)
Parameters optimization took 4 rounds (0.585 sec)

Do NNI search on 1 best initial trees
Finish initializing candidate tree set (1)
Current best tree score: -17563.659 / CPU time: 0.069
Number of iterations: 1
--------------------------------------------------------------------
|               OPTIMIZING CANDIDATE TREE SET                      |
--------------------------------------------------------------------
Iteration 10 / LogL: -17566.213 / Time: 0h:0m:2s
Iteration 20 / LogL: -17563.942 / Time: 0h:0m:5s
Iteration 30 / LogL: -17568.372 / Time: 0h:0m:7s (0h:0m:19s left)
Iteration 40 / LogL: -17568.593 / Time: 0h:0m:10s (0h:0m:16s left)
Iteration 50 / LogL: -17563.852 / Time: 0h:0m:12s (0h:0m:13s left)
Log-likelihood cutoff on original alignment: -17583.339
Iteration 60 / LogL: -17569.964 / Time: 0h:0m:15s (0h:0m:10s left)
Iteration 70 / LogL: -17566.395 / Time: 0h:0m:17s (0h:0m:7s left)
Iteration 80 / LogL: -17563.942 / Time: 0h:0m:19s (0h:0m:5s left)
Iteration 90 / LogL: -17567.093 / Time: 0h:0m:22s (0h:0m:2s left)
Iteration 100 / LogL: -17563.811 / Time: 0h:0m:24s (0h:0m:0s left)
Log-likelihood cutoff on original alignment: -17583.325
NOTE: Bootstrap correlation coefficient of split occurrence frequencies: 0.999
TREE SEARCH COMPLETED AFTER 101 ITERATIONS / Time: 0h:0m:24s

--------------------------------------------------------------------
|                    FINALIZING TREE SEARCH                        |
--------------------------------------------------------------------
Performs final model parameters optimization
Estimate model parameters (epsilon = 0.010)
1. Initial log-likelihood: -17563.659
2. Current log-likelihood: -17563.615
3. Current log-likelihood: -17563.584
4. Current log-likelihood: -17563.562
5. Current log-likelihood: -17563.544
6. Current log-likelihood: -17563.531
7. Current log-likelihood: -17563.521
Optimal log-likelihood: -17563.512
Site proportion and rates:  (0.133,0.158) (0.359,0.568) (0.313,1.015) (0.195,2.347)
Parameters optimization took 7 rounds (0.831 sec)
BEST SCORE FOUND : -17563.512
Creating bootstrap support values...
Split supports printed to NEXUS file alpha_adducin.genes.ufboot.splits.nex
Total tree length: 15.639

Total number of iterations: 101
CPU time used for tree search: 48.000 sec (0h:0m:47s)
Wall-clock time used for tree search: 24.048 sec (0h:0m:24s)
Total CPU time used: 50.950 sec (0h:0m:50s)
Total wall-clock time used: 25.533 sec (0h:0m:25s)

Computing bootstrap consensus tree...
Reading input file alpha_adducin.genes.ufboot.splits.nex...
16 taxa and 99 splits.
Consensus tree written to alpha_adducin.genes.ufboot.contree
Reading input trees file alpha_adducin.genes.ufboot.contree
Log-likelihood of consensus tree: -17563.513

Analysis results written to: 
  IQ-TREE report:                alpha_adducin.genes.ufboot.iqtree
  Maximum-likelihood tree:       alpha_adducin.genes.ufboot.treefile

Ultrafast bootstrap approximation results written to:
  Split support values:          alpha_adducin.genes.ufboot.splits.nex
  Consensus tree:                alpha_adducin.genes.ufboot.contree
  Screen log file:               alpha_adducin.genes.ufboot.log

Date and Time: Fri Oct 22 04:56:04 2021
